[      12ms] [LOG] [Fast Refresh] rebuilding @ webpack-internal:///./node_modules/next/dist/client/components/react-dev-overlay/pages/hot-reloader-client.js:221
[     362ms] [LOG] [Fast Refresh] rebuilding @ webpack-internal:///./node_modules/next/dist/client/components/react-dev-overlay/pages/hot-reloader-client.js:221
[     952ms] [ERROR] Failed to load resource: the server responded with a status of 404 (Not Found) @ http://localhost:3000/_next/static/webpack/a0dc99ee34282db8.webpack.hot-update.json:0
[     987ms] [ERROR] TypeError: Failed to fetch
    at z (https://giscus.app/_next/static/chunks/main-150a3b60f55bb087.js:1:52706)
    at f (https://giscus.app/_next/static/chunks/main-150a3b60f55bb087.js:1:53296)
    at K (https://giscus.app/_next/static/chunks/main-150a3b60f55bb087.js:1:54105)
    at https://giscus.app/_next/static/chunks/main-150a3b60f55bb087.js:1:62971
    at Generator.next (<anonymous>)
    at n (https://giscus.app/_next/static/chunks/main-150a3b60f55bb087.js:1:136)
    at s (https://giscus.app/_next/static/chunks/main-150a3b60f55bb087.js:1:341)
    at https://giscus.app/_next/static/chunks/main-150a3b60f55bb087.js:1:400
    at new Promise (<anonymous>)
    at https://giscus.app/_next/static/chunks/main-150a3b60f55bb087.js:1:281 @ https://giscus.app/_next/static/chunks/main-150a3b60f55bb087.js:0
[    1005ms] [INFO] %cDownload the React DevTools for a better development experience: https://reactjs.org/link/react-devtools font-weight:bold @ webpack-internal:///./node_modules/react-dom/cjs/react-dom.development.js:29889
[    1056ms] [LOG] [HMR] connected @ webpack-internal:///./node_modules/next/dist/client/components/react-dev-overlay/pages/websocket.js:38
[    1074ms] [ERROR] Warning: Expected server HTML to contain a matching <%s> in <%s>.%s div div 
    at div
    at ThemeProvider (webpack-internal:///./components/features/ThemeContext.tsx:30:11)
    at App (webpack-internal:///./pages/_app.tsx:42:11)
    at PathnameContextProviderAdapter (webpack-internal:///./node_modules/next/dist/shared/lib/router/adapters.js:81:11)
    at ErrorBoundary (webpack-internal:///./node_modules/next/dist/client/components/react-dev-overlay/pages/ErrorBoundary.js:41:9)
    at ReactDevOverlay (webpack-internal:///./node_modules/next/dist/client/components/react-dev-overlay/pages/ReactDevOverlay.js:33:11)
    at Container (webpack-internal:///./node_modules/next/dist/client/index.js:81:1)
    at AppContainer (webpack-internal:///./node_modules/next/dist/client/index.js:189:11)
    at Root (webpack-internal:///./node_modules/next/dist/client/index.js:413:11) @ webpack-internal:///./node_modules/next/dist/client/components/react-dev-overlay/internal/helpers/hydration-error-info.js:62
[    1076ms] Error: Hydration failed because the initial UI does not match what was rendered on the server.
See more info here: https://nextjs.org/docs/messages/react-hydration-error
    at throwOnHydrationMismatch (webpack-internal:///./node_modules/react-dom/cjs/react-dom.development.js:12507:9)
    at tryToClaimNextHydratableInstance (webpack-internal:///./node_modules/react-dom/cjs/react-dom.development.js:12535:7)
    at updateHostComponent (webpack-internal:///./node_modules/react-dom/cjs/react-dom.development.js:19926:5)
    at beginWork (webpack-internal:///./node_modules/react-dom/cjs/react-dom.development.js:21652:14)
    at HTMLUnknownElement.callCallback (webpack-internal:///./node_modules/react-dom/cjs/react-dom.development.js:4164:14)
    at Object.invokeGuardedCallbackDev (webpack-internal:///./node_modules/react-dom/cjs/react-dom.development.js:4213:16)
    at invokeGuardedCallback (webpack-internal:///./node_modules/react-dom/cjs/react-dom.development.js:4277:31)
    at beginWork$1 (webpack-internal:///./node_modules/react-dom/cjs/react-dom.development.js:27485:7)
    at performUnitOfWork (webpack-internal:///./node_modules/react-dom/cjs/react-dom.development.js:26591:12)
    at workLoopSync (webpack-internal:///./node_modules/react-dom/cjs/react-dom.development.js:26500:5)
    at renderRootSync (webpack-internal:///./node_modules/react-dom/cjs/react-dom.development.js:26468:7)
    at performConcurrentWorkOnRoot (webpack-internal:///./node_modules/react-dom/cjs/react-dom.development.js:25772:74)
    at workLoop (webpack-internal:///./node_modules/scheduler/cjs/scheduler.development.js:266:34)
    at flushWork (webpack-internal:///./node_modules/scheduler/cjs/scheduler.development.js:239:14)
    at MessagePort.performWorkUntilDeadline (webpack-internal:///./node_modules/scheduler/cjs/scheduler.development.js:533:21)
[    1075ms] [ERROR] Warning: An error occurred during hydration. The server HTML was replaced with client content in <%s>. div 
See more info here: https://nextjs.org/docs/messages/react-hydration-error @ webpack-internal:///./node_modules/next/dist/client/components/react-dev-overlay/internal/helpers/hydration-error-info.js:62
[    1087ms] Error: Hydration failed because the initial UI does not match what was rendered on the server.
See more info here: https://nextjs.org/docs/messages/react-hydration-error
    at throwOnHydrationMismatch (webpack-internal:///./node_modules/react-dom/cjs/react-dom.development.js:12507:9)
    at tryToClaimNextHydratableInstance (webpack-internal:///./node_modules/react-dom/cjs/react-dom.development.js:12535:7)
    at updateHostComponent (webpack-internal:///./node_modules/react-dom/cjs/react-dom.development.js:19926:5)
    at beginWork (webpack-internal:///./node_modules/react-dom/cjs/react-dom.development.js:21652:14)
    at beginWork$1 (webpack-internal:///./node_modules/react-dom/cjs/react-dom.development.js:27460:14)
    at performUnitOfWork (webpack-internal:///./node_modules/react-dom/cjs/react-dom.development.js:26591:12)
    at workLoopSync (webpack-internal:///./node_modules/react-dom/cjs/react-dom.development.js:26500:5)
    at renderRootSync (webpack-internal:///./node_modules/react-dom/cjs/react-dom.development.js:26468:7)
    at performConcurrentWorkOnRoot (webpack-internal:///./node_modules/react-dom/cjs/react-dom.development.js:25772:74)
    at workLoop (webpack-internal:///./node_modules/scheduler/cjs/scheduler.development.js:266:34)
    at flushWork (webpack-internal:///./node_modules/scheduler/cjs/scheduler.development.js:239:14)
    at MessagePort.performWorkUntilDeadline (webpack-internal:///./node_modules/scheduler/cjs/scheduler.development.js:533:21)
[    1087ms] Error: There was an error while hydrating. Because the error happened outside of a Suspense boundary, the entire root will switch to client rendering.
    at updateHostRoot (webpack-internal:///./node_modules/react-dom/cjs/react-dom.development.js:19873:57)
    at beginWork (webpack-internal:///./node_modules/react-dom/cjs/react-dom.development.js:21649:14)
    at beginWork$1 (webpack-internal:///./node_modules/react-dom/cjs/react-dom.development.js:27460:14)
    at performUnitOfWork (webpack-internal:///./node_modules/react-dom/cjs/react-dom.development.js:26591:12)
    at workLoopSync (webpack-internal:///./node_modules/react-dom/cjs/react-dom.development.js:26500:5)
    at renderRootSync (webpack-internal:///./node_modules/react-dom/cjs/react-dom.development.js:26468:7)
    at recoverFromConcurrentError (webpack-internal:///./node_modules/react-dom/cjs/react-dom.development.js:25884:20)
    at performConcurrentWorkOnRoot (webpack-internal:///./node_modules/react-dom/cjs/react-dom.development.js:25784:22)
    at workLoop (webpack-internal:///./node_modules/scheduler/cjs/scheduler.development.js:266:34)
    at flushWork (webpack-internal:///./node_modules/scheduler/cjs/scheduler.development.js:239:14)
    at MessagePort.performWorkUntilDeadline (webpack-internal:///./node_modules/scheduler/cjs/scheduler.development.js:533:21)
[    1198ms] [ERROR] Failed to load resource: the server responded with a status of 404 (Not Found) @ http://localhost:3000/_next/undefined:0
[    1210ms] ChunkLoadError: Loading chunk node_modules_giscus_react_dist_giscus-Ci9LqPcC_js failed.
(error: http://localhost:3000/_next/undefined)
    at __webpack_require__.f.j (http://localhost:3000/_next/static/webpack/webpack.6297d71da038b3f9.hot-update.js:67:28)
    at http://localhost:3000/_next/static/webpack/webpack.6297d71da038b3f9.hot-update.js:19:39
    at Array.reduce (<anonymous>)
    at __webpack_require__.e (http://localhost:3000/_next/static/webpack/webpack.6297d71da038b3f9.hot-update.js:18:66)
    at fn.e (http://localhost:3000/_next/static/chunks/webpack.js:339:50)
    at eval (webpack-internal:///./node_modules/@giscus/react/dist/index.js:12:30)
    at commitHookEffectListMount (webpack-internal:///./node_modules/react-dom/cjs/react-dom.development.js:23184:26)
    at commitPassiveMountOnFiber (webpack-internal:///./node_modules/react-dom/cjs/react-dom.development.js:24960:13)
    at commitPassiveMountEffects_complete (webpack-internal:///./node_modules/react-dom/cjs/react-dom.development.js:24925:9)
    at commitPassiveMountEffects_begin (webpack-internal:///./node_modules/react-dom/cjs/react-dom.development.js:24912:7)
    at commitPassiveMountEffects (webpack-internal:///./node_modules/react-dom/cjs/react-dom.development.js:24900:3)
    at flushPassiveEffectsImpl (webpack-internal:///./node_modules/react-dom/cjs/react-dom.development.js:27073:3)
    at flushPassiveEffects (webpack-internal:///./node_modules/react-dom/cjs/react-dom.development.js:27018:14)
    at eval (webpack-internal:///./node_modules/react-dom/cjs/react-dom.development.js:26803:9)
    at workLoop (webpack-internal:///./node_modules/scheduler/cjs/scheduler.development.js:266:34)
    at flushWork (webpack-internal:///./node_modules/scheduler/cjs/scheduler.development.js:239:14)
    at MessagePort.performWorkUntilDeadline (webpack-internal:///./node_modules/scheduler/cjs/scheduler.development.js:533:21)
[    1638ms] [ERROR] Failed to load resource: the server responded with a status of 404 (Not Found) @ http://localhost:3000/_next/static/webpack/a0dc99ee34282db8.webpack.hot-update.json:0
[    1689ms] [INFO] %cDownload the React DevTools for a better development experience: https://reactjs.org/link/react-devtools font-weight:bold @ webpack-internal:///./node_modules/react-dom/cjs/react-dom.development.js:29889
[    1742ms] [LOG] [HMR] connected @ webpack-internal:///./node_modules/next/dist/client/components/react-dev-overlay/pages/websocket.js:38
[    1757ms] [ERROR] Warning: Expected server HTML to contain a matching <%s> in <%s>.%s div div 
    at div
    at ThemeProvider (webpack-internal:///./components/features/ThemeContext.tsx:30:11)
    at App (webpack-internal:///./pages/_app.tsx:42:11)
    at PathnameContextProviderAdapter (webpack-internal:///./node_modules/next/dist/shared/lib/router/adapters.js:81:11)
    at ErrorBoundary (webpack-internal:///./node_modules/next/dist/client/components/react-dev-overlay/pages/ErrorBoundary.js:41:9)
    at ReactDevOverlay (webpack-internal:///./node_modules/next/dist/client/components/react-dev-overlay/pages/ReactDevOverlay.js:33:11)
    at Container (webpack-internal:///./node_modules/next/dist/client/index.js:81:1)
    at AppContainer (webpack-internal:///./node_modules/next/dist/client/index.js:189:11)
    at Root (webpack-internal:///./node_modules/next/dist/client/index.js:413:11) @ webpack-internal:///./node_modules/next/dist/client/components/react-dev-overlay/internal/helpers/hydration-error-info.js:62
[    1759ms] Error: Hydration failed because the initial UI does not match what was rendered on the server.
See more info here: https://nextjs.org/docs/messages/react-hydration-error
    at throwOnHydrationMismatch (webpack-internal:///./node_modules/react-dom/cjs/react-dom.development.js:12507:9)
    at tryToClaimNextHydratableInstance (webpack-internal:///./node_modules/react-dom/cjs/react-dom.development.js:12535:7)
    at updateHostComponent (webpack-internal:///./node_modules/react-dom/cjs/react-dom.development.js:19926:5)
    at beginWork (webpack-internal:///./node_modules/react-dom/cjs/react-dom.development.js:21652:14)
    at HTMLUnknownElement.callCallback (webpack-internal:///./node_modules/react-dom/cjs/react-dom.development.js:4164:14)
    at Object.invokeGuardedCallbackDev (webpack-internal:///./node_modules/react-dom/cjs/react-dom.development.js:4213:16)
    at invokeGuardedCallback (webpack-internal:///./node_modules/react-dom/cjs/react-dom.development.js:4277:31)
    at beginWork$1 (webpack-internal:///./node_modules/react-dom/cjs/react-dom.development.js:27485:7)
    at performUnitOfWork (webpack-internal:///./node_modules/react-dom/cjs/react-dom.development.js:26591:12)
    at workLoopSync (webpack-internal:///./node_modules/react-dom/cjs/react-dom.development.js:26500:5)
    at renderRootSync (webpack-internal:///./node_modules/react-dom/cjs/react-dom.development.js:26468:7)
    at performConcurrentWorkOnRoot (webpack-internal:///./node_modules/react-dom/cjs/react-dom.development.js:25772:74)
    at workLoop (webpack-internal:///./node_modules/scheduler/cjs/scheduler.development.js:266:34)
    at flushWork (webpack-internal:///./node_modules/scheduler/cjs/scheduler.development.js:239:14)
    at MessagePort.performWorkUntilDeadline (webpack-internal:///./node_modules/scheduler/cjs/scheduler.development.js:533:21)
[    1758ms] [ERROR] Warning: An error occurred during hydration. The server HTML was replaced with client content in <%s>. div 
See more info here: https://nextjs.org/docs/messages/react-hydration-error @ webpack-internal:///./node_modules/next/dist/client/components/react-dev-overlay/internal/helpers/hydration-error-info.js:62
[    1769ms] Error: Hydration failed because the initial UI does not match what was rendered on the server.
See more info here: https://nextjs.org/docs/messages/react-hydration-error
    at throwOnHydrationMismatch (webpack-internal:///./node_modules/react-dom/cjs/react-dom.development.js:12507:9)
    at tryToClaimNextHydratableInstance (webpack-internal:///./node_modules/react-dom/cjs/react-dom.development.js:12535:7)
    at updateHostComponent (webpack-internal:///./node_modules/react-dom/cjs/react-dom.development.js:19926:5)
    at beginWork (webpack-internal:///./node_modules/react-dom/cjs/react-dom.development.js:21652:14)
    at beginWork$1 (webpack-internal:///./node_modules/react-dom/cjs/react-dom.development.js:27460:14)
    at performUnitOfWork (webpack-internal:///./node_modules/react-dom/cjs/react-dom.development.js:26591:12)
    at workLoopSync (webpack-internal:///./node_modules/react-dom/cjs/react-dom.development.js:26500:5)
    at renderRootSync (webpack-internal:///./node_modules/react-dom/cjs/react-dom.development.js:26468:7)
    at performConcurrentWorkOnRoot (webpack-internal:///./node_modules/react-dom/cjs/react-dom.development.js:25772:74)
    at workLoop (webpack-internal:///./node_modules/scheduler/cjs/scheduler.development.js:266:34)
    at flushWork (webpack-internal:///./node_modules/scheduler/cjs/scheduler.development.js:239:14)
    at MessagePort.performWorkUntilDeadline (webpack-internal:///./node_modules/scheduler/cjs/scheduler.development.js:533:21)
[    1770ms] Error: There was an error while hydrating. Because the error happened outside of a Suspense boundary, the entire root will switch to client rendering.
    at updateHostRoot (webpack-internal:///./node_modules/react-dom/cjs/react-dom.development.js:19873:57)
    at beginWork (webpack-internal:///./node_modules/react-dom/cjs/react-dom.development.js:21649:14)
    at beginWork$1 (webpack-internal:///./node_modules/react-dom/cjs/react-dom.development.js:27460:14)
    at performUnitOfWork (webpack-internal:///./node_modules/react-dom/cjs/react-dom.development.js:26591:12)
    at workLoopSync (webpack-internal:///./node_modules/react-dom/cjs/react-dom.development.js:26500:5)
    at renderRootSync (webpack-internal:///./node_modules/react-dom/cjs/react-dom.development.js:26468:7)
    at recoverFromConcurrentError (webpack-internal:///./node_modules/react-dom/cjs/react-dom.development.js:25884:20)
    at performConcurrentWorkOnRoot (webpack-internal:///./node_modules/react-dom/cjs/react-dom.development.js:25784:22)
    at workLoop (webpack-internal:///./node_modules/scheduler/cjs/scheduler.development.js:266:34)
    at flushWork (webpack-internal:///./node_modules/scheduler/cjs/scheduler.development.js:239:14)
    at MessagePort.performWorkUntilDeadline (webpack-internal:///./node_modules/scheduler/cjs/scheduler.development.js:533:21)
[    1777ms] TypeError: require.e is not a function
    at fn.e (http://localhost:3000/_next/static/chunks/webpack.js:339:50)
    at eval (webpack-internal:///./node_modules/@giscus/react/dist/index.js:12:30)
    at commitHookEffectListMount (webpack-internal:///./node_modules/react-dom/cjs/react-dom.development.js:23184:26)
    at commitPassiveMountOnFiber (webpack-internal:///./node_modules/react-dom/cjs/react-dom.development.js:24960:13)
    at commitPassiveMountEffects_complete (webpack-internal:///./node_modules/react-dom/cjs/react-dom.development.js:24925:9)
    at commitPassiveMountEffects_begin (webpack-internal:///./node_modules/react-dom/cjs/react-dom.development.js:24912:7)
    at commitPassiveMountEffects (webpack-internal:///./node_modules/react-dom/cjs/react-dom.development.js:24900:3)
    at flushPassiveEffectsImpl (webpack-internal:///./node_modules/react-dom/cjs/react-dom.development.js:27073:3)
    at flushPassiveEffects (webpack-internal:///./node_modules/react-dom/cjs/react-dom.development.js:27018:14)
    at eval (webpack-internal:///./node_modules/react-dom/cjs/react-dom.development.js:26803:9)
    at workLoop (webpack-internal:///./node_modules/scheduler/cjs/scheduler.development.js:266:34)
    at flushWork (webpack-internal:///./node_modules/scheduler/cjs/scheduler.development.js:239:14)
    at MessagePort.performWorkUntilDeadline (webpack-internal:///./node_modules/scheduler/cjs/scheduler.development.js:533:21)
[    1780ms] [ERROR] The above error occurred in the <y> component:

    at y (webpack-internal:///./node_modules/@giscus/react/dist/index.js:9:18)
    at div
    at MotionDOMComponent (webpack-internal:///./node_modules/motion/node_modules/framer-motion/dist/es/motion/index.mjs:66:65)
    at div
    at MotionDOMComponent (webpack-internal:///./node_modules/motion/node_modules/framer-motion/dist/es/motion/index.mjs:66:65)
    at AnimatedSection (webpack-internal:///./components/ui/AnimatedSection.tsx:13:11)
    at section
    at main
    at div
    at Layout (webpack-internal:///./components/layout/Layout.tsx:18:11)
    at Guestbook (webpack-internal:///./pages/guestbook.tsx:22:98)
    at main
    at AppInner (webpack-internal:///./pages/_app.tsx:18:11)
    at ToastProvider (webpack-internal:///./components/ui/Toast.tsx:18:11)
    at LanguageProvider (webpack-internal:///./components/features/LanguageContext.tsx:16:11)
    at div
    at ThemeProvider (webpack-internal:///./components/features/ThemeContext.tsx:30:11)
    at App (webpack-internal:///./pages/_app.tsx:42:11)
    at PathnameContextProviderAdapter (webpack-internal:///./node_modules/next/dist/shared/lib/router/adapters.js:81:11)
    at ErrorBoundary (webpack-internal:///./node_modules/next/dist/client/components/react-dev-overlay/pages/ErrorBoundary.js:41:9)
    at ReactDevOverlay (webpack-internal:///./node_modules/next/dist/client/components/react-dev-overlay/pages/ReactDevOverlay.js:33:11)
    at Container (webpack-internal:///./node_modules/next/dist/client/index.js:81:1)
    at AppContainer (webpack-internal:///./node_modules/next/dist/client/index.js:189:11)
    at Root (webpack-internal:///./node_modules/next/dist/client/index.js:413:11)

React will try to recreate this component tree from scratch using the error boundary you provided, ErrorBoundary. @ webpack-internal:///./node_modules/next/dist/client/components/react-dev-overlay/internal/helpers/hydration-error-info.js:62
[    2018ms] [ERROR] Failed to load resource: the server responded with a status of 404 (Not Found) @ http://localhost:3000/_next/static/webpack/a0dc99ee34282db8.webpack.hot-update.json:0
[    2063ms] [INFO] %cDownload the React DevTools for a better development experience: https://reactjs.org/link/react-devtools font-weight:bold @ webpack-internal:///./node_modules/react-dom/cjs/react-dom.development.js:29889
[    2116ms] [LOG] [HMR] connected @ webpack-internal:///./node_modules/next/dist/client/components/react-dev-overlay/pages/websocket.js:38
[    2130ms] [ERROR] Warning: Expected server HTML to contain a matching <%s> in <%s>.%s div div 
    at div
    at ThemeProvider (webpack-internal:///./components/features/ThemeContext.tsx:30:11)
    at App (webpack-internal:///./pages/_app.tsx:42:11)
    at PathnameContextProviderAdapter (webpack-internal:///./node_modules/next/dist/shared/lib/router/adapters.js:81:11)
    at ErrorBoundary (webpack-internal:///./node_modules/next/dist/client/components/react-dev-overlay/pages/ErrorBoundary.js:41:9)
    at ReactDevOverlay (webpack-internal:///./node_modules/next/dist/client/components/react-dev-overlay/pages/ReactDevOverlay.js:33:11)
    at Container (webpack-internal:///./node_modules/next/dist/client/index.js:81:1)
    at AppContainer (webpack-internal:///./node_modules/next/dist/client/index.js:189:11)
    at Root (webpack-internal:///./node_modules/next/dist/client/index.js:413:11) @ webpack-internal:///./node_modules/next/dist/client/components/react-dev-overlay/internal/helpers/hydration-error-info.js:62
[    2131ms] Error: Hydration failed because the initial UI does not match what was rendered on the server.
See more info here: https://nextjs.org/docs/messages/react-hydration-error
    at throwOnHydrationMismatch (webpack-internal:///./node_modules/react-dom/cjs/react-dom.development.js:12507:9)
    at tryToClaimNextHydratableInstance (webpack-internal:///./node_modules/react-dom/cjs/react-dom.development.js:12535:7)
    at updateHostComponent (webpack-internal:///./node_modules/react-dom/cjs/react-dom.development.js:19926:5)
    at beginWork (webpack-internal:///./node_modules/react-dom/cjs/react-dom.development.js:21652:14)
    at HTMLUnknownElement.callCallback (webpack-internal:///./node_modules/react-dom/cjs/react-dom.development.js:4164:14)
    at Object.invokeGuardedCallbackDev (webpack-internal:///./node_modules/react-dom/cjs/react-dom.development.js:4213:16)
    at invokeGuardedCallback (webpack-internal:///./node_modules/react-dom/cjs/react-dom.development.js:4277:31)
    at beginWork$1 (webpack-internal:///./node_modules/react-dom/cjs/react-dom.development.js:27485:7)
    at performUnitOfWork (webpack-internal:///./node_modules/react-dom/cjs/react-dom.development.js:26591:12)
    at workLoopSync (webpack-internal:///./node_modules/react-dom/cjs/react-dom.development.js:26500:5)
    at renderRootSync (webpack-internal:///./node_modules/react-dom/cjs/react-dom.development.js:26468:7)
    at performConcurrentWorkOnRoot (webpack-internal:///./node_modules/react-dom/cjs/react-dom.development.js:25772:74)
    at workLoop (webpack-internal:///./node_modules/scheduler/cjs/scheduler.development.js:266:34)
    at flushWork (webpack-internal:///./node_modules/scheduler/cjs/scheduler.development.js:239:14)
    at MessagePort.performWorkUntilDeadline (webpack-internal:///./node_modules/scheduler/cjs/scheduler.development.js:533:21)
[    2131ms] [ERROR] Warning: An error occurred during hydration. The server HTML was replaced with client content in <%s>. div 
See more info here: https://nextjs.org/docs/messages/react-hydration-error @ webpack-internal:///./node_modules/next/dist/client/components/react-dev-overlay/internal/helpers/hydration-error-info.js:62
[    2142ms] Error: Hydration failed because the initial UI does not match what was rendered on the server.
See more info here: https://nextjs.org/docs/messages/react-hydration-error
    at throwOnHydrationMismatch (webpack-internal:///./node_modules/react-dom/cjs/react-dom.development.js:12507:9)
    at tryToClaimNextHydratableInstance (webpack-internal:///./node_modules/react-dom/cjs/react-dom.development.js:12535:7)
    at updateHostComponent (webpack-internal:///./node_modules/react-dom/cjs/react-dom.development.js:19926:5)
    at beginWork (webpack-internal:///./node_modules/react-dom/cjs/react-dom.development.js:21652:14)
    at beginWork$1 (webpack-internal:///./node_modules/react-dom/cjs/react-dom.development.js:27460:14)
    at performUnitOfWork (webpack-internal:///./node_modules/react-dom/cjs/react-dom.development.js:26591:12)
    at workLoopSync (webpack-internal:///./node_modules/react-dom/cjs/react-dom.development.js:26500:5)
    at renderRootSync (webpack-internal:///./node_modules/react-dom/cjs/react-dom.development.js:26468:7)
    at performConcurrentWorkOnRoot (webpack-internal:///./node_modules/react-dom/cjs/react-dom.development.js:25772:74)
    at workLoop (webpack-internal:///./node_modules/scheduler/cjs/scheduler.development.js:266:34)
    at flushWork (webpack-internal:///./node_modules/scheduler/cjs/scheduler.development.js:239:14)
    at MessagePort.performWorkUntilDeadline (webpack-internal:///./node_modules/scheduler/cjs/scheduler.development.js:533:21)
[    2142ms] Error: There was an error while hydrating. Because the error happened outside of a Suspense boundary, the entire root will switch to client rendering.
    at updateHostRoot (webpack-internal:///./node_modules/react-dom/cjs/react-dom.development.js:19873:57)
    at beginWork (webpack-internal:///./node_modules/react-dom/cjs/react-dom.development.js:21649:14)
    at beginWork$1 (webpack-internal:///./node_modules/react-dom/cjs/react-dom.development.js:27460:14)
    at performUnitOfWork (webpack-internal:///./node_modules/react-dom/cjs/react-dom.development.js:26591:12)
    at workLoopSync (webpack-internal:///./node_modules/react-dom/cjs/react-dom.development.js:26500:5)
    at renderRootSync (webpack-internal:///./node_modules/react-dom/cjs/react-dom.development.js:26468:7)
    at recoverFromConcurrentError (webpack-internal:///./node_modules/react-dom/cjs/react-dom.development.js:25884:20)
    at performConcurrentWorkOnRoot (webpack-internal:///./node_modules/react-dom/cjs/react-dom.development.js:25784:22)
    at workLoop (webpack-internal:///./node_modules/scheduler/cjs/scheduler.development.js:266:34)
    at flushWork (webpack-internal:///./node_modules/scheduler/cjs/scheduler.development.js:239:14)
    at MessagePort.performWorkUntilDeadline (webpack-internal:///./node_modules/scheduler/cjs/scheduler.development.js:533:21)
[    2150ms] TypeError: require.e is not a function
    at fn.e (http://localhost:3000/_next/static/chunks/webpack.js:339:50)
    at eval (webpack-internal:///./node_modules/@giscus/react/dist/index.js:12:30)
    at commitHookEffectListMount (webpack-internal:///./node_modules/react-dom/cjs/react-dom.development.js:23184:26)
    at commitPassiveMountOnFiber (webpack-internal:///./node_modules/react-dom/cjs/react-dom.development.js:24960:13)
    at commitPassiveMountEffects_complete (webpack-internal:///./node_modules/react-dom/cjs/react-dom.development.js:24925:9)
    at commitPassiveMountEffects_begin (webpack-internal:///./node_modules/react-dom/cjs/react-dom.development.js:24912:7)
    at commitPassiveMountEffects (webpack-internal:///./node_modules/react-dom/cjs/react-dom.development.js:24900:3)
    at flushPassiveEffectsImpl (webpack-internal:///./node_modules/react-dom/cjs/react-dom.development.js:27073:3)
    at flushPassiveEffects (webpack-internal:///./node_modules/react-dom/cjs/react-dom.development.js:27018:14)
    at eval (webpack-internal:///./node_modules/react-dom/cjs/react-dom.development.js:26803:9)
    at workLoop (webpack-internal:///./node_modules/scheduler/cjs/scheduler.development.js:266:34)
    at flushWork (webpack-internal:///./node_modules/scheduler/cjs/scheduler.development.js:239:14)
    at MessagePort.performWorkUntilDeadline (webpack-internal:///./node_modules/scheduler/cjs/scheduler.development.js:533:21)
[    2154ms] [ERROR] The above error occurred in the <y> component:

    at y (webpack-internal:///./node_modules/@giscus/react/dist/index.js:9:18)
    at div
    at MotionDOMComponent (webpack-internal:///./node_modules/motion/node_modules/framer-motion/dist/es/motion/index.mjs:66:65)
    at div
    at MotionDOMComponent (webpack-internal:///./node_modules/motion/node_modules/framer-motion/dist/es/motion/index.mjs:66:65)
    at AnimatedSection (webpack-internal:///./components/ui/AnimatedSection.tsx:13:11)
    at section
    at main
    at div
    at Layout (webpack-internal:///./components/layout/Layout.tsx:18:11)
    at Guestbook (webpack-internal:///./pages/guestbook.tsx:22:98)
    at main
    at AppInner (webpack-internal:///./pages/_app.tsx:18:11)
    at ToastProvider (webpack-internal:///./components/ui/Toast.tsx:18:11)
    at LanguageProvider (webpack-internal:///./components/features/LanguageContext.tsx:16:11)
    at div
    at ThemeProvider (webpack-internal:///./components/features/ThemeContext.tsx:30:11)
    at App (webpack-internal:///./pages/_app.tsx:42:11)
    at PathnameContextProviderAdapter (webpack-internal:///./node_modules/next/dist/shared/lib/router/adapters.js:81:11)
    at ErrorBoundary (webpack-internal:///./node_modules/next/dist/client/components/react-dev-overlay/pages/ErrorBoundary.js:41:9)
    at ReactDevOverlay (webpack-internal:///./node_modules/next/dist/client/components/react-dev-overlay/pages/ReactDevOverlay.js:33:11)
    at Container (webpack-internal:///./node_modules/next/dist/client/index.js:81:1)
    at AppContainer (webpack-internal:///./node_modules/next/dist/client/index.js:189:11)
    at Root (webpack-internal:///./node_modules/next/dist/client/index.js:413:11)

React will try to recreate this component tree from scratch using the error boundary you provided, ErrorBoundary. @ webpack-internal:///./node_modules/next/dist/client/components/react-dev-overlay/internal/helpers/hydration-error-info.js:62
[    2352ms] [ERROR] Failed to load resource: the server responded with a status of 404 (Not Found) @ http://localhost:3000/_next/static/webpack/a0dc99ee34282db8.webpack.hot-update.json:0
[    2399ms] [INFO] %cDownload the React DevTools for a better development experience: https://reactjs.org/link/react-devtools font-weight:bold @ webpack-internal:///./node_modules/react-dom/cjs/react-dom.development.js:29889
[    2441ms] [LOG] [HMR] connected @ webpack-internal:///./node_modules/next/dist/client/components/react-dev-overlay/pages/websocket.js:38
[    2456ms] [ERROR] Warning: Expected server HTML to contain a matching <%s> in <%s>.%s div div 
    at div
    at ThemeProvider (webpack-internal:///./components/features/ThemeContext.tsx:30:11)
    at App (webpack-internal:///./pages/_app.tsx:42:11)
    at PathnameContextProviderAdapter (webpack-internal:///./node_modules/next/dist/shared/lib/router/adapters.js:81:11)
    at ErrorBoundary (webpack-internal:///./node_modules/next/dist/client/components/react-dev-overlay/pages/ErrorBoundary.js:41:9)
    at ReactDevOverlay (webpack-internal:///./node_modules/next/dist/client/components/react-dev-overlay/pages/ReactDevOverlay.js:33:11)
    at Container (webpack-internal:///./node_modules/next/dist/client/index.js:81:1)
    at AppContainer (webpack-internal:///./node_modules/next/dist/client/index.js:189:11)
    at Root (webpack-internal:///./node_modules/next/dist/client/index.js:413:11) @ webpack-internal:///./node_modules/next/dist/client/components/react-dev-overlay/internal/helpers/hydration-error-info.js:62
[    2458ms] Error: Hydration failed because the initial UI does not match what was rendered on the server.
See more info here: https://nextjs.org/docs/messages/react-hydration-error
    at throwOnHydrationMismatch (webpack-internal:///./node_modules/react-dom/cjs/react-dom.development.js:12507:9)
    at tryToClaimNextHydratableInstance (webpack-internal:///./node_modules/react-dom/cjs/react-dom.development.js:12535:7)
    at updateHostComponent (webpack-internal:///./node_modules/react-dom/cjs/react-dom.development.js:19926:5)
    at beginWork (webpack-internal:///./node_modules/react-dom/cjs/react-dom.development.js:21652:14)
    at HTMLUnknownElement.callCallback (webpack-internal:///./node_modules/react-dom/cjs/react-dom.development.js:4164:14)
    at Object.invokeGuardedCallbackDev (webpack-internal:///./node_modules/react-dom/cjs/react-dom.development.js:4213:16)
    at invokeGuardedCallback (webpack-internal:///./node_modules/react-dom/cjs/react-dom.development.js:4277:31)
    at beginWork$1 (webpack-internal:///./node_modules/react-dom/cjs/react-dom.development.js:27485:7)
    at performUnitOfWork (webpack-internal:///./node_modules/react-dom/cjs/react-dom.development.js:26591:12)
    at workLoopSync (webpack-internal:///./node_modules/react-dom/cjs/react-dom.development.js:26500:5)
    at renderRootSync (webpack-internal:///./node_modules/react-dom/cjs/react-dom.development.js:26468:7)
    at performConcurrentWorkOnRoot (webpack-internal:///./node_modules/react-dom/cjs/react-dom.development.js:25772:74)
    at workLoop (webpack-internal:///./node_modules/scheduler/cjs/scheduler.development.js:266:34)
    at flushWork (webpack-internal:///./node_modules/scheduler/cjs/scheduler.development.js:239:14)
    at MessagePort.performWorkUntilDeadline (webpack-internal:///./node_modules/scheduler/cjs/scheduler.development.js:533:21)
[    2458ms] [ERROR] Warning: An error occurred during hydration. The server HTML was replaced with client content in <%s>. div 
See more info here: https://nextjs.org/docs/messages/react-hydration-error @ webpack-internal:///./node_modules/next/dist/client/components/react-dev-overlay/internal/helpers/hydration-error-info.js:62
[    2468ms] Error: Hydration failed because the initial UI does not match what was rendered on the server.
See more info here: https://nextjs.org/docs/messages/react-hydration-error
    at throwOnHydrationMismatch (webpack-internal:///./node_modules/react-dom/cjs/react-dom.development.js:12507:9)
    at tryToClaimNextHydratableInstance (webpack-internal:///./node_modules/react-dom/cjs/react-dom.development.js:12535:7)
    at updateHostComponent (webpack-internal:///./node_modules/react-dom/cjs/react-dom.development.js:19926:5)
    at beginWork (webpack-internal:///./node_modules/react-dom/cjs/react-dom.development.js:21652:14)
    at beginWork$1 (webpack-internal:///./node_modules/react-dom/cjs/react-dom.development.js:27460:14)
    at performUnitOfWork (webpack-internal:///./node_modules/react-dom/cjs/react-dom.development.js:26591:12)
    at workLoopSync (webpack-internal:///./node_modules/react-dom/cjs/react-dom.development.js:26500:5)
    at renderRootSync (webpack-internal:///./node_modules/react-dom/cjs/react-dom.development.js:26468:7)
    at performConcurrentWorkOnRoot (webpack-internal:///./node_modules/react-dom/cjs/react-dom.development.js:25772:74)
    at workLoop (webpack-internal:///./node_modules/scheduler/cjs/scheduler.development.js:266:34)
    at flushWork (webpack-internal:///./node_modules/scheduler/cjs/scheduler.development.js:239:14)
    at MessagePort.performWorkUntilDeadline (webpack-internal:///./node_modules/scheduler/cjs/scheduler.development.js:533:21)
[    2468ms] Error: There was an error while hydrating. Because the error happened outside of a Suspense boundary, the entire root will switch to client rendering.
    at updateHostRoot (webpack-internal:///./node_modules/react-dom/cjs/react-dom.development.js:19873:57)
    at beginWork (webpack-internal:///./node_modules/react-dom/cjs/react-dom.development.js:21649:14)
    at beginWork$1 (webpack-internal:///./node_modules/react-dom/cjs/react-dom.development.js:27460:14)
    at performUnitOfWork (webpack-internal:///./node_modules/react-dom/cjs/react-dom.development.js:26591:12)
    at workLoopSync (webpack-internal:///./node_modules/react-dom/cjs/react-dom.development.js:26500:5)
    at renderRootSync (webpack-internal:///./node_modules/react-dom/cjs/react-dom.development.js:26468:7)
    at recoverFromConcurrentError (webpack-internal:///./node_modules/react-dom/cjs/react-dom.development.js:25884:20)
    at performConcurrentWorkOnRoot (webpack-internal:///./node_modules/react-dom/cjs/react-dom.development.js:25784:22)
    at workLoop (webpack-internal:///./node_modules/scheduler/cjs/scheduler.development.js:266:34)
    at flushWork (webpack-internal:///./node_modules/scheduler/cjs/scheduler.development.js:239:14)
    at MessagePort.performWorkUntilDeadline (webpack-internal:///./node_modules/scheduler/cjs/scheduler.development.js:533:21)
[    2476ms] TypeError: require.e is not a function
    at fn.e (http://localhost:3000/_next/static/chunks/webpack.js:339:50)
    at eval (webpack-internal:///./node_modules/@giscus/react/dist/index.js:12:30)
    at commitHookEffectListMount (webpack-internal:///./node_modules/react-dom/cjs/react-dom.development.js:23184:26)
    at commitPassiveMountOnFiber (webpack-internal:///./node_modules/react-dom/cjs/react-dom.development.js:24960:13)
    at commitPassiveMountEffects_complete (webpack-internal:///./node_modules/react-dom/cjs/react-dom.development.js:24925:9)
    at commitPassiveMountEffects_begin (webpack-internal:///./node_modules/react-dom/cjs/react-dom.development.js:24912:7)
    at commitPassiveMountEffects (webpack-internal:///./node_modules/react-dom/cjs/react-dom.development.js:24900:3)
    at flushPassiveEffectsImpl (webpack-internal:///./node_modules/react-dom/cjs/react-dom.development.js:27073:3)
    at flushPassiveEffects (webpack-internal:///./node_modules/react-dom/cjs/react-dom.development.js:27018:14)
    at eval (webpack-internal:///./node_modules/react-dom/cjs/react-dom.development.js:26803:9)
    at workLoop (webpack-internal:///./node_modules/scheduler/cjs/scheduler.development.js:266:34)
    at flushWork (webpack-internal:///./node_modules/scheduler/cjs/scheduler.development.js:239:14)
    at MessagePort.performWorkUntilDeadline (webpack-internal:///./node_modules/scheduler/cjs/scheduler.development.js:533:21)
[    2480ms] [ERROR] The above error occurred in the <y> component:

    at y (webpack-internal:///./node_modules/@giscus/react/dist/index.js:9:18)
    at div
    at MotionDOMComponent (webpack-internal:///./node_modules/motion/node_modules/framer-motion/dist/es/motion/index.mjs:66:65)
    at div
    at MotionDOMComponent (webpack-internal:///./node_modules/motion/node_modules/framer-motion/dist/es/motion/index.mjs:66:65)
    at AnimatedSection (webpack-internal:///./components/ui/AnimatedSection.tsx:13:11)
    at section
    at main
    at div
    at Layout (webpack-internal:///./components/layout/Layout.tsx:18:11)
    at Guestbook (webpack-internal:///./pages/guestbook.tsx:22:98)
    at main
    at AppInner (webpack-internal:///./pages/_app.tsx:18:11)
    at ToastProvider (webpack-internal:///./components/ui/Toast.tsx:18:11)
    at LanguageProvider (webpack-internal:///./components/features/LanguageContext.tsx:16:11)
    at div
    at ThemeProvider (webpack-internal:///./components/features/ThemeContext.tsx:30:11)
    at App (webpack-internal:///./pages/_app.tsx:42:11)
    at PathnameContextProviderAdapter (webpack-internal:///./node_modules/next/dist/shared/lib/router/adapters.js:81:11)
    at ErrorBoundary (webpack-internal:///./node_modules/next/dist/client/components/react-dev-overlay/pages/ErrorBoundary.js:41:9)
    at ReactDevOverlay (webpack-internal:///./node_modules/next/dist/client/components/react-dev-overlay/pages/ReactDevOverlay.js:33:11)
    at Container (webpack-internal:///./node_modules/next/dist/client/index.js:81:1)
    at AppContainer (webpack-internal:///./node_modules/next/dist/client/index.js:189:11)
    at Root (webpack-internal:///./node_modules/next/dist/client/index.js:413:11)

React will try to recreate this component tree from scratch using the error boundary you provided, ErrorBoundary. @ webpack-internal:///./node_modules/next/dist/client/components/react-dev-overlay/internal/helpers/hydration-error-info.js:62
[    2677ms] [ERROR] Failed to load resource: the server responded with a status of 404 (Not Found) @ http://localhost:3000/_next/static/webpack/a0dc99ee34282db8.webpack.hot-update.json:0
[    2722ms] [INFO] %cDownload the React DevTools for a better development experience: https://reactjs.org/link/react-devtools font-weight:bold @ webpack-internal:///./node_modules/react-dom/cjs/react-dom.development.js:29889
[    2769ms] [LOG] [HMR] connected @ webpack-internal:///./node_modules/next/dist/client/components/react-dev-overlay/pages/websocket.js:38
[    2783ms] [ERROR] Warning: Expected server HTML to contain a matching <%s> in <%s>.%s div div 
    at div
    at ThemeProvider (webpack-internal:///./components/features/ThemeContext.tsx:30:11)
    at App (webpack-internal:///./pages/_app.tsx:42:11)
    at PathnameContextProviderAdapter (webpack-internal:///./node_modules/next/dist/shared/lib/router/adapters.js:81:11)
    at ErrorBoundary (webpack-internal:///./node_modules/next/dist/client/components/react-dev-overlay/pages/ErrorBoundary.js:41:9)
    at ReactDevOverlay (webpack-internal:///./node_modules/next/dist/client/components/react-dev-overlay/pages/ReactDevOverlay.js:33:11)
    at Container (webpack-internal:///./node_modules/next/dist/client/index.js:81:1)
    at AppContainer (webpack-internal:///./node_modules/next/dist/client/index.js:189:11)
    at Root (webpack-internal:///./node_modules/next/dist/client/index.js:413:11) @ webpack-internal:///./node_modules/next/dist/client/components/react-dev-overlay/internal/helpers/hydration-error-info.js:62
[    2785ms] Error: Hydration failed because the initial UI does not match what was rendered on the server.
See more info here: https://nextjs.org/docs/messages/react-hydration-error
    at throwOnHydrationMismatch (webpack-internal:///./node_modules/react-dom/cjs/react-dom.development.js:12507:9)
    at tryToClaimNextHydratableInstance (webpack-internal:///./node_modules/react-dom/cjs/react-dom.development.js:12535:7)
    at updateHostComponent (webpack-internal:///./node_modules/react-dom/cjs/react-dom.development.js:19926:5)
    at beginWork (webpack-internal:///./node_modules/react-dom/cjs/react-dom.development.js:21652:14)
    at HTMLUnknownElement.callCallback (webpack-internal:///./node_modules/react-dom/cjs/react-dom.development.js:4164:14)
    at Object.invokeGuardedCallbackDev (webpack-internal:///./node_modules/react-dom/cjs/react-dom.development.js:4213:16)
    at invokeGuardedCallback (webpack-internal:///./node_modules/react-dom/cjs/react-dom.development.js:4277:31)
    at beginWork$1 (webpack-internal:///./node_modules/react-dom/cjs/react-dom.development.js:27485:7)
    at performUnitOfWork (webpack-internal:///./node_modules/react-dom/cjs/react-dom.development.js:26591:12)
    at workLoopSync (webpack-internal:///./node_modules/react-dom/cjs/react-dom.development.js:26500:5)
    at renderRootSync (webpack-internal:///./node_modules/react-dom/cjs/react-dom.development.js:26468:7)
    at performConcurrentWorkOnRoot (webpack-internal:///./node_modules/react-dom/cjs/react-dom.development.js:25772:74)
    at workLoop (webpack-internal:///./node_modules/scheduler/cjs/scheduler.development.js:266:34)
    at flushWork (webpack-internal:///./node_modules/scheduler/cjs/scheduler.development.js:239:14)
    at MessagePort.performWorkUntilDeadline (webpack-internal:///./node_modules/scheduler/cjs/scheduler.development.js:533:21)
[    2784ms] [ERROR] Warning: An error occurred during hydration. The server HTML was replaced with client content in <%s>. div 
See more info here: https://nextjs.org/docs/messages/react-hydration-error @ webpack-internal:///./node_modules/next/dist/client/components/react-dev-overlay/internal/helpers/hydration-error-info.js:62
[    2795ms] Error: Hydration failed because the initial UI does not match what was rendered on the server.
See more info here: https://nextjs.org/docs/messages/react-hydration-error
    at throwOnHydrationMismatch (webpack-internal:///./node_modules/react-dom/cjs/react-dom.development.js:12507:9)
    at tryToClaimNextHydratableInstance (webpack-internal:///./node_modules/react-dom/cjs/react-dom.development.js:12535:7)
    at updateHostComponent (webpack-internal:///./node_modules/react-dom/cjs/react-dom.development.js:19926:5)
    at beginWork (webpack-internal:///./node_modules/react-dom/cjs/react-dom.development.js:21652:14)
    at beginWork$1 (webpack-internal:///./node_modules/react-dom/cjs/react-dom.development.js:27460:14)
    at performUnitOfWork (webpack-internal:///./node_modules/react-dom/cjs/react-dom.development.js:26591:12)
    at workLoopSync (webpack-internal:///./node_modules/react-dom/cjs/react-dom.development.js:26500:5)
    at renderRootSync (webpack-internal:///./node_modules/react-dom/cjs/react-dom.development.js:26468:7)
    at performConcurrentWorkOnRoot (webpack-internal:///./node_modules/react-dom/cjs/react-dom.development.js:25772:74)
    at workLoop (webpack-internal:///./node_modules/scheduler/cjs/scheduler.development.js:266:34)
    at flushWork (webpack-internal:///./node_modules/scheduler/cjs/scheduler.development.js:239:14)
    at MessagePort.performWorkUntilDeadline (webpack-internal:///./node_modules/scheduler/cjs/scheduler.development.js:533:21)
[    2796ms] Error: There was an error while hydrating. Because the error happened outside of a Suspense boundary, the entire root will switch to client rendering.
    at updateHostRoot (webpack-internal:///./node_modules/react-dom/cjs/react-dom.development.js:19873:57)
    at beginWork (webpack-internal:///./node_modules/react-dom/cjs/react-dom.development.js:21649:14)
    at beginWork$1 (webpack-internal:///./node_modules/react-dom/cjs/react-dom.development.js:27460:14)
    at performUnitOfWork (webpack-internal:///./node_modules/react-dom/cjs/react-dom.development.js:26591:12)
    at workLoopSync (webpack-internal:///./node_modules/react-dom/cjs/react-dom.development.js:26500:5)
    at renderRootSync (webpack-internal:///./node_modules/react-dom/cjs/react-dom.development.js:26468:7)
    at recoverFromConcurrentError (webpack-internal:///./node_modules/react-dom/cjs/react-dom.development.js:25884:20)
    at performConcurrentWorkOnRoot (webpack-internal:///./node_modules/react-dom/cjs/react-dom.development.js:25784:22)
    at workLoop (webpack-internal:///./node_modules/scheduler/cjs/scheduler.development.js:266:34)
    at flushWork (webpack-internal:///./node_modules/scheduler/cjs/scheduler.development.js:239:14)
    at MessagePort.performWorkUntilDeadline (webpack-internal:///./node_modules/scheduler/cjs/scheduler.development.js:533:21)
[    2802ms] TypeError: require.e is not a function
    at fn.e (http://localhost:3000/_next/static/chunks/webpack.js:339:50)
    at eval (webpack-internal:///./node_modules/@giscus/react/dist/index.js:12:30)
    at commitHookEffectListMount (webpack-internal:///./node_modules/react-dom/cjs/react-dom.development.js:23184:26)
    at commitPassiveMountOnFiber (webpack-internal:///./node_modules/react-dom/cjs/react-dom.development.js:24960:13)
    at commitPassiveMountEffects_complete (webpack-internal:///./node_modules/react-dom/cjs/react-dom.development.js:24925:9)
    at commitPassiveMountEffects_begin (webpack-internal:///./node_modules/react-dom/cjs/react-dom.development.js:24912:7)
    at commitPassiveMountEffects (webpack-internal:///./node_modules/react-dom/cjs/react-dom.development.js:24900:3)
    at flushPassiveEffectsImpl (webpack-internal:///./node_modules/react-dom/cjs/react-dom.development.js:27073:3)
    at flushPassiveEffects (webpack-internal:///./node_modules/react-dom/cjs/react-dom.development.js:27018:14)
    at eval (webpack-internal:///./node_modules/react-dom/cjs/react-dom.development.js:26803:9)
    at workLoop (webpack-internal:///./node_modules/scheduler/cjs/scheduler.development.js:266:34)
    at flushWork (webpack-internal:///./node_modules/scheduler/cjs/scheduler.development.js:239:14)
    at MessagePort.performWorkUntilDeadline (webpack-internal:///./node_modules/scheduler/cjs/scheduler.development.js:533:21)
[    2806ms] [ERROR] The above error occurred in the <y> component:

    at y (webpack-internal:///./node_modules/@giscus/react/dist/index.js:9:18)
    at div
    at MotionDOMComponent (webpack-internal:///./node_modules/motion/node_modules/framer-motion/dist/es/motion/index.mjs:66:65)
    at div
    at MotionDOMComponent (webpack-internal:///./node_modules/motion/node_modules/framer-motion/dist/es/motion/index.mjs:66:65)
    at AnimatedSection (webpack-internal:///./components/ui/AnimatedSection.tsx:13:11)
    at section
    at main
    at div
    at Layout (webpack-internal:///./components/layout/Layout.tsx:18:11)
    at Guestbook (webpack-internal:///./pages/guestbook.tsx:22:98)
    at main
    at AppInner (webpack-internal:///./pages/_app.tsx:18:11)
    at ToastProvider (webpack-internal:///./components/ui/Toast.tsx:18:11)
    at LanguageProvider (webpack-internal:///./components/features/LanguageContext.tsx:16:11)
    at div
    at ThemeProvider (webpack-internal:///./components/features/ThemeContext.tsx:30:11)
    at App (webpack-internal:///./pages/_app.tsx:42:11)
    at PathnameContextProviderAdapter (webpack-internal:///./node_modules/next/dist/shared/lib/router/adapters.js:81:11)
    at ErrorBoundary (webpack-internal:///./node_modules/next/dist/client/components/react-dev-overlay/pages/ErrorBoundary.js:41:9)
    at ReactDevOverlay (webpack-internal:///./node_modules/next/dist/client/components/react-dev-overlay/pages/ReactDevOverlay.js:33:11)
    at Container (webpack-internal:///./node_modules/next/dist/client/index.js:81:1)
    at AppContainer (webpack-internal:///./node_modules/next/dist/client/index.js:189:11)
    at Root (webpack-internal:///./node_modules/next/dist/client/index.js:413:11)

React will try to recreate this component tree from scratch using the error boundary you provided, ErrorBoundary. @ webpack-internal:///./node_modules/next/dist/client/components/react-dev-overlay/internal/helpers/hydration-error-info.js:62
[    2973ms] [ERROR] Failed to load resource: the server responded with a status of 404 (Not Found) @ http://localhost:3000/_next/static/webpack/a0dc99ee34282db8.webpack.hot-update.json:0
[    3020ms] [INFO] %cDownload the React DevTools for a better development experience: https://reactjs.org/link/react-devtools font-weight:bold @ webpack-internal:///./node_modules/react-dom/cjs/react-dom.development.js:29889
[    3070ms] [LOG] [HMR] connected @ webpack-internal:///./node_modules/next/dist/client/components/react-dev-overlay/pages/websocket.js:38
[    3090ms] [ERROR] Warning: Expected server HTML to contain a matching <%s> in <%s>.%s div div 
    at div
    at ThemeProvider (webpack-internal:///./components/features/ThemeContext.tsx:30:11)
    at App (webpack-internal:///./pages/_app.tsx:42:11)
    at PathnameContextProviderAdapter (webpack-internal:///./node_modules/next/dist/shared/lib/router/adapters.js:81:11)
    at ErrorBoundary (webpack-internal:///./node_modules/next/dist/client/components/react-dev-overlay/pages/ErrorBoundary.js:41:9)
    at ReactDevOverlay (webpack-internal:///./node_modules/next/dist/client/components/react-dev-overlay/pages/ReactDevOverlay.js:33:11)
    at Container (webpack-internal:///./node_modules/next/dist/client/index.js:81:1)
    at AppContainer (webpack-internal:///./node_modules/next/dist/client/index.js:189:11)
    at Root (webpack-internal:///./node_modules/next/dist/client/index.js:413:11) @ webpack-internal:///./node_modules/next/dist/client/components/react-dev-overlay/internal/helpers/hydration-error-info.js:62
[    3092ms] Error: Hydration failed because the initial UI does not match what was rendered on the server.
See more info here: https://nextjs.org/docs/messages/react-hydration-error
    at throwOnHydrationMismatch (webpack-internal:///./node_modules/react-dom/cjs/react-dom.development.js:12507:9)
    at tryToClaimNextHydratableInstance (webpack-internal:///./node_modules/react-dom/cjs/react-dom.development.js:12535:7)
    at updateHostComponent (webpack-internal:///./node_modules/react-dom/cjs/react-dom.development.js:19926:5)
    at beginWork (webpack-internal:///./node_modules/react-dom/cjs/react-dom.development.js:21652:14)
    at HTMLUnknownElement.callCallback (webpack-internal:///./node_modules/react-dom/cjs/react-dom.development.js:4164:14)
    at Object.invokeGuardedCallbackDev (webpack-internal:///./node_modules/react-dom/cjs/react-dom.development.js:4213:16)
    at invokeGuardedCallback (webpack-internal:///./node_modules/react-dom/cjs/react-dom.development.js:4277:31)
    at beginWork$1 (webpack-internal:///./node_modules/react-dom/cjs/react-dom.development.js:27485:7)
    at performUnitOfWork (webpack-internal:///./node_modules/react-dom/cjs/react-dom.development.js:26591:12)
    at workLoopSync (webpack-internal:///./node_modules/react-dom/cjs/react-dom.development.js:26500:5)
    at renderRootSync (webpack-internal:///./node_modules/react-dom/cjs/react-dom.development.js:26468:7)
    at performConcurrentWorkOnRoot (webpack-internal:///./node_modules/react-dom/cjs/react-dom.development.js:25772:74)
    at workLoop (webpack-internal:///./node_modules/scheduler/cjs/scheduler.development.js:266:34)
    at flushWork (webpack-internal:///./node_modules/scheduler/cjs/scheduler.development.js:239:14)
    at MessagePort.performWorkUntilDeadline (webpack-internal:///./node_modules/scheduler/cjs/scheduler.development.js:533:21)
[    3091ms] [ERROR] Warning: An error occurred during hydration. The server HTML was replaced with client content in <%s>. div 
See more info here: https://nextjs.org/docs/messages/react-hydration-error @ webpack-internal:///./node_modules/next/dist/client/components/react-dev-overlay/internal/helpers/hydration-error-info.js:62
[    3101ms] Error: Hydration failed because the initial UI does not match what was rendered on the server.
See more info here: https://nextjs.org/docs/messages/react-hydration-error
    at throwOnHydrationMismatch (webpack-internal:///./node_modules/react-dom/cjs/react-dom.development.js:12507:9)
    at tryToClaimNextHydratableInstance (webpack-internal:///./node_modules/react-dom/cjs/react-dom.development.js:12535:7)
    at updateHostComponent (webpack-internal:///./node_modules/react-dom/cjs/react-dom.development.js:19926:5)
    at beginWork (webpack-internal:///./node_modules/react-dom/cjs/react-dom.development.js:21652:14)
    at beginWork$1 (webpack-internal:///./node_modules/react-dom/cjs/react-dom.development.js:27460:14)
    at performUnitOfWork (webpack-internal:///./node_modules/react-dom/cjs/react-dom.development.js:26591:12)
    at workLoopSync (webpack-internal:///./node_modules/react-dom/cjs/react-dom.development.js:26500:5)
    at renderRootSync (webpack-internal:///./node_modules/react-dom/cjs/react-dom.development.js:26468:7)
    at performConcurrentWorkOnRoot (webpack-internal:///./node_modules/react-dom/cjs/react-dom.development.js:25772:74)
    at workLoop (webpack-internal:///./node_modules/scheduler/cjs/scheduler.development.js:266:34)
    at flushWork (webpack-internal:///./node_modules/scheduler/cjs/scheduler.development.js:239:14)
    at MessagePort.performWorkUntilDeadline (webpack-internal:///./node_modules/scheduler/cjs/scheduler.development.js:533:21)
[    3101ms] Error: There was an error while hydrating. Because the error happened outside of a Suspense boundary, the entire root will switch to client rendering.
    at updateHostRoot (webpack-internal:///./node_modules/react-dom/cjs/react-dom.development.js:19873:57)
    at beginWork (webpack-internal:///./node_modules/react-dom/cjs/react-dom.development.js:21649:14)
    at beginWork$1 (webpack-internal:///./node_modules/react-dom/cjs/react-dom.development.js:27460:14)
    at performUnitOfWork (webpack-internal:///./node_modules/react-dom/cjs/react-dom.development.js:26591:12)
    at workLoopSync (webpack-internal:///./node_modules/react-dom/cjs/react-dom.development.js:26500:5)
    at renderRootSync (webpack-internal:///./node_modules/react-dom/cjs/react-dom.development.js:26468:7)
    at recoverFromConcurrentError (webpack-internal:///./node_modules/react-dom/cjs/react-dom.development.js:25884:20)
    at performConcurrentWorkOnRoot (webpack-internal:///./node_modules/react-dom/cjs/react-dom.development.js:25784:22)
    at workLoop (webpack-internal:///./node_modules/scheduler/cjs/scheduler.development.js:266:34)
    at flushWork (webpack-internal:///./node_modules/scheduler/cjs/scheduler.development.js:239:14)
    at MessagePort.performWorkUntilDeadline (webpack-internal:///./node_modules/scheduler/cjs/scheduler.development.js:533:21)
[    3175ms] [ERROR] Failed to load resource: the server responded with a status of 404 (Not Found) @ http://localhost:3000/_next/undefined:0
[    3187ms] ChunkLoadError: Loading chunk node_modules_giscus_react_dist_giscus-Ci9LqPcC_js failed.
(error: http://localhost:3000/_next/undefined)
    at __webpack_require__.f.j (http://localhost:3000/_next/static/webpack/webpack.6297d71da038b3f9.hot-update.js:67:28)
    at http://localhost:3000/_next/static/webpack/webpack.6297d71da038b3f9.hot-update.js:19:39
    at Array.reduce (<anonymous>)
    at __webpack_require__.e (http://localhost:3000/_next/static/webpack/webpack.6297d71da038b3f9.hot-update.js:18:66)
    at fn.e (http://localhost:3000/_next/static/chunks/webpack.js:339:50)
    at eval (webpack-internal:///./node_modules/@giscus/react/dist/index.js:12:30)
    at commitHookEffectListMount (webpack-internal:///./node_modules/react-dom/cjs/react-dom.development.js:23184:26)
    at commitPassiveMountOnFiber (webpack-internal:///./node_modules/react-dom/cjs/react-dom.development.js:24960:13)
    at commitPassiveMountEffects_complete (webpack-internal:///./node_modules/react-dom/cjs/react-dom.development.js:24925:9)
    at commitPassiveMountEffects_begin (webpack-internal:///./node_modules/react-dom/cjs/react-dom.development.js:24912:7)
    at commitPassiveMountEffects (webpack-internal:///./node_modules/react-dom/cjs/react-dom.development.js:24900:3)
    at flushPassiveEffectsImpl (webpack-internal:///./node_modules/react-dom/cjs/react-dom.development.js:27073:3)
    at flushPassiveEffects (webpack-internal:///./node_modules/react-dom/cjs/react-dom.development.js:27018:14)
    at eval (webpack-internal:///./node_modules/react-dom/cjs/react-dom.development.js:26803:9)
    at workLoop (webpack-internal:///./node_modules/scheduler/cjs/scheduler.development.js:266:34)
    at flushWork (webpack-internal:///./node_modules/scheduler/cjs/scheduler.development.js:239:14)
    at MessagePort.performWorkUntilDeadline (webpack-internal:///./node_modules/scheduler/cjs/scheduler.development.js:533:21)
[    3509ms] [ERROR] Failed to load resource: the server responded with a status of 404 (Not Found) @ http://localhost:3000/_next/static/webpack/a0dc99ee34282db8.webpack.hot-update.json:0
[    3556ms] [INFO] %cDownload the React DevTools for a better development experience: https://reactjs.org/link/react-devtools font-weight:bold @ webpack-internal:///./node_modules/react-dom/cjs/react-dom.development.js:29889
[    3605ms] [LOG] [HMR] connected @ webpack-internal:///./node_modules/next/dist/client/components/react-dev-overlay/pages/websocket.js:38
[    3625ms] [ERROR] Warning: Expected server HTML to contain a matching <%s> in <%s>.%s div div 
    at div
    at ThemeProvider (webpack-internal:///./components/features/ThemeContext.tsx:30:11)
    at App (webpack-internal:///./pages/_app.tsx:42:11)
    at PathnameContextProviderAdapter (webpack-internal:///./node_modules/next/dist/shared/lib/router/adapters.js:81:11)
    at ErrorBoundary (webpack-internal:///./node_modules/next/dist/client/components/react-dev-overlay/pages/ErrorBoundary.js:41:9)
    at ReactDevOverlay (webpack-internal:///./node_modules/next/dist/client/components/react-dev-overlay/pages/ReactDevOverlay.js:33:11)
    at Container (webpack-internal:///./node_modules/next/dist/client/index.js:81:1)
    at AppContainer (webpack-internal:///./node_modules/next/dist/client/index.js:189:11)
    at Root (webpack-internal:///./node_modules/next/dist/client/index.js:413:11) @ webpack-internal:///./node_modules/next/dist/client/components/react-dev-overlay/internal/helpers/hydration-error-info.js:62
[    3626ms] Error: Hydration failed because the initial UI does not match what was rendered on the server.
See more info here: https://nextjs.org/docs/messages/react-hydration-error
    at throwOnHydrationMismatch (webpack-internal:///./node_modules/react-dom/cjs/react-dom.development.js:12507:9)
    at tryToClaimNextHydratableInstance (webpack-internal:///./node_modules/react-dom/cjs/react-dom.development.js:12535:7)
    at updateHostComponent (webpack-internal:///./node_modules/react-dom/cjs/react-dom.development.js:19926:5)
    at beginWork (webpack-internal:///./node_modules/react-dom/cjs/react-dom.development.js:21652:14)
    at HTMLUnknownElement.callCallback (webpack-internal:///./node_modules/react-dom/cjs/react-dom.development.js:4164:14)
    at Object.invokeGuardedCallbackDev (webpack-internal:///./node_modules/react-dom/cjs/react-dom.development.js:4213:16)
    at invokeGuardedCallback (webpack-internal:///./node_modules/react-dom/cjs/react-dom.development.js:4277:31)
    at beginWork$1 (webpack-internal:///./node_modules/react-dom/cjs/react-dom.development.js:27485:7)
    at performUnitOfWork (webpack-internal:///./node_modules/react-dom/cjs/react-dom.development.js:26591:12)
    at workLoopSync (webpack-internal:///./node_modules/react-dom/cjs/react-dom.development.js:26500:5)
    at renderRootSync (webpack-internal:///./node_modules/react-dom/cjs/react-dom.development.js:26468:7)
    at performConcurrentWorkOnRoot (webpack-internal:///./node_modules/react-dom/cjs/react-dom.development.js:25772:74)
    at workLoop (webpack-internal:///./node_modules/scheduler/cjs/scheduler.development.js:266:34)
    at flushWork (webpack-internal:///./node_modules/scheduler/cjs/scheduler.development.js:239:14)
    at MessagePort.performWorkUntilDeadline (webpack-internal:///./node_modules/scheduler/cjs/scheduler.development.js:533:21)
[    3626ms] [ERROR] Warning: An error occurred during hydration. The server HTML was replaced with client content in <%s>. div 
See more info here: https://nextjs.org/docs/messages/react-hydration-error @ webpack-internal:///./node_modules/next/dist/client/components/react-dev-overlay/internal/helpers/hydration-error-info.js:62
[    3637ms] Error: Hydration failed because the initial UI does not match what was rendered on the server.
See more info here: https://nextjs.org/docs/messages/react-hydration-error
    at throwOnHydrationMismatch (webpack-internal:///./node_modules/react-dom/cjs/react-dom.development.js:12507:9)
    at tryToClaimNextHydratableInstance (webpack-internal:///./node_modules/react-dom/cjs/react-dom.development.js:12535:7)
    at updateHostComponent (webpack-internal:///./node_modules/react-dom/cjs/react-dom.development.js:19926:5)
    at beginWork (webpack-internal:///./node_modules/react-dom/cjs/react-dom.development.js:21652:14)
    at beginWork$1 (webpack-internal:///./node_modules/react-dom/cjs/react-dom.development.js:27460:14)
    at performUnitOfWork (webpack-internal:///./node_modules/react-dom/cjs/react-dom.development.js:26591:12)
    at workLoopSync (webpack-internal:///./node_modules/react-dom/cjs/react-dom.development.js:26500:5)
    at renderRootSync (webpack-internal:///./node_modules/react-dom/cjs/react-dom.development.js:26468:7)
    at performConcurrentWorkOnRoot (webpack-internal:///./node_modules/react-dom/cjs/react-dom.development.js:25772:74)
    at workLoop (webpack-internal:///./node_modules/scheduler/cjs/scheduler.development.js:266:34)
    at flushWork (webpack-internal:///./node_modules/scheduler/cjs/scheduler.development.js:239:14)
    at MessagePort.performWorkUntilDeadline (webpack-internal:///./node_modules/scheduler/cjs/scheduler.development.js:533:21)
[    3637ms] Error: There was an error while hydrating. Because the error happened outside of a Suspense boundary, the entire root will switch to client rendering.
    at updateHostRoot (webpack-internal:///./node_modules/react-dom/cjs/react-dom.development.js:19873:57)
    at beginWork (webpack-internal:///./node_modules/react-dom/cjs/react-dom.development.js:21649:14)
    at beginWork$1 (webpack-internal:///./node_modules/react-dom/cjs/react-dom.development.js:27460:14)
    at performUnitOfWork (webpack-internal:///./node_modules/react-dom/cjs/react-dom.development.js:26591:12)
    at workLoopSync (webpack-internal:///./node_modules/react-dom/cjs/react-dom.development.js:26500:5)
    at renderRootSync (webpack-internal:///./node_modules/react-dom/cjs/react-dom.development.js:26468:7)
    at recoverFromConcurrentError (webpack-internal:///./node_modules/react-dom/cjs/react-dom.development.js:25884:20)
    at performConcurrentWorkOnRoot (webpack-internal:///./node_modules/react-dom/cjs/react-dom.development.js:25784:22)
    at workLoop (webpack-internal:///./node_modules/scheduler/cjs/scheduler.development.js:266:34)
    at flushWork (webpack-internal:///./node_modules/scheduler/cjs/scheduler.development.js:239:14)
    at MessagePort.performWorkUntilDeadline (webpack-internal:///./node_modules/scheduler/cjs/scheduler.development.js:533:21)
[    3729ms] [ERROR] Failed to load resource: the server responded with a status of 404 (Not Found) @ http://localhost:3000/_next/undefined:0
[    3736ms] ChunkLoadError: Loading chunk node_modules_giscus_react_dist_giscus-Ci9LqPcC_js failed.
(error: http://localhost:3000/_next/undefined)
    at __webpack_require__.f.j (http://localhost:3000/_next/static/webpack/webpack.6297d71da038b3f9.hot-update.js:67:28)
    at http://localhost:3000/_next/static/webpack/webpack.6297d71da038b3f9.hot-update.js:19:39
    at Array.reduce (<anonymous>)
    at __webpack_require__.e (http://localhost:3000/_next/static/webpack/webpack.6297d71da038b3f9.hot-update.js:18:66)
    at fn.e (http://localhost:3000/_next/static/chunks/webpack.js:339:50)
    at eval (webpack-internal:///./node_modules/@giscus/react/dist/index.js:12:30)
    at commitHookEffectListMount (webpack-internal:///./node_modules/react-dom/cjs/react-dom.development.js:23184:26)
    at commitPassiveMountOnFiber (webpack-internal:///./node_modules/react-dom/cjs/react-dom.development.js:24960:13)
    at commitPassiveMountEffects_complete (webpack-internal:///./node_modules/react-dom/cjs/react-dom.development.js:24925:9)
    at commitPassiveMountEffects_begin (webpack-internal:///./node_modules/react-dom/cjs/react-dom.development.js:24912:7)
    at commitPassiveMountEffects (webpack-internal:///./node_modules/react-dom/cjs/react-dom.development.js:24900:3)
    at flushPassiveEffectsImpl (webpack-internal:///./node_modules/react-dom/cjs/react-dom.development.js:27073:3)
    at flushPassiveEffects (webpack-internal:///./node_modules/react-dom/cjs/react-dom.development.js:27018:14)
    at eval (webpack-internal:///./node_modules/react-dom/cjs/react-dom.development.js:26803:9)
    at workLoop (webpack-internal:///./node_modules/scheduler/cjs/scheduler.development.js:266:34)
    at flushWork (webpack-internal:///./node_modules/scheduler/cjs/scheduler.development.js:239:14)
    at MessagePort.performWorkUntilDeadline (webpack-internal:///./node_modules/scheduler/cjs/scheduler.development.js:533:21)
[    4076ms] [ERROR] Failed to load resource: the server responded with a status of 404 (Not Found) @ http://localhost:3000/_next/static/webpack/a0dc99ee34282db8.webpack.hot-update.json:0
[    4125ms] [INFO] %cDownload the React DevTools for a better development experience: https://reactjs.org/link/react-devtools font-weight:bold @ webpack-internal:///./node_modules/react-dom/cjs/react-dom.development.js:29889
[    4174ms] [LOG] [HMR] connected @ webpack-internal:///./node_modules/next/dist/client/components/react-dev-overlay/pages/websocket.js:38
[    4196ms] [ERROR] Warning: Expected server HTML to contain a matching <%s> in <%s>.%s div div 
    at div
    at ThemeProvider (webpack-internal:///./components/features/ThemeContext.tsx:30:11)
    at App (webpack-internal:///./pages/_app.tsx:42:11)
    at PathnameContextProviderAdapter (webpack-internal:///./node_modules/next/dist/shared/lib/router/adapters.js:81:11)
    at ErrorBoundary (webpack-internal:///./node_modules/next/dist/client/components/react-dev-overlay/pages/ErrorBoundary.js:41:9)
    at ReactDevOverlay (webpack-internal:///./node_modules/next/dist/client/components/react-dev-overlay/pages/ReactDevOverlay.js:33:11)
    at Container (webpack-internal:///./node_modules/next/dist/client/index.js:81:1)
    at AppContainer (webpack-internal:///./node_modules/next/dist/client/index.js:189:11)
    at Root (webpack-internal:///./node_modules/next/dist/client/index.js:413:11) @ webpack-internal:///./node_modules/next/dist/client/components/react-dev-overlay/internal/helpers/hydration-error-info.js:62
[    4199ms] Error: Hydration failed because the initial UI does not match what was rendered on the server.
See more info here: https://nextjs.org/docs/messages/react-hydration-error
    at throwOnHydrationMismatch (webpack-internal:///./node_modules/react-dom/cjs/react-dom.development.js:12507:9)
    at tryToClaimNextHydratableInstance (webpack-internal:///./node_modules/react-dom/cjs/react-dom.development.js:12535:7)
    at updateHostComponent (webpack-internal:///./node_modules/react-dom/cjs/react-dom.development.js:19926:5)
    at beginWork (webpack-internal:///./node_modules/react-dom/cjs/react-dom.development.js:21652:14)
    at HTMLUnknownElement.callCallback (webpack-internal:///./node_modules/react-dom/cjs/react-dom.development.js:4164:14)
    at Object.invokeGuardedCallbackDev (webpack-internal:///./node_modules/react-dom/cjs/react-dom.development.js:4213:16)
    at invokeGuardedCallback (webpack-internal:///./node_modules/react-dom/cjs/react-dom.development.js:4277:31)
    at beginWork$1 (webpack-internal:///./node_modules/react-dom/cjs/react-dom.development.js:27485:7)
    at performUnitOfWork (webpack-internal:///./node_modules/react-dom/cjs/react-dom.development.js:26591:12)
    at workLoopSync (webpack-internal:///./node_modules/react-dom/cjs/react-dom.development.js:26500:5)
    at renderRootSync (webpack-internal:///./node_modules/react-dom/cjs/react-dom.development.js:26468:7)
    at performConcurrentWorkOnRoot (webpack-internal:///./node_modules/react-dom/cjs/react-dom.development.js:25772:74)
    at workLoop (webpack-internal:///./node_modules/scheduler/cjs/scheduler.development.js:266:34)
    at flushWork (webpack-internal:///./node_modules/scheduler/cjs/scheduler.development.js:239:14)
    at MessagePort.performWorkUntilDeadline (webpack-internal:///./node_modules/scheduler/cjs/scheduler.development.js:533:21)
[    4197ms] [ERROR] Warning: An error occurred during hydration. The server HTML was replaced with client content in <%s>. div 
See more info here: https://nextjs.org/docs/messages/react-hydration-error @ webpack-internal:///./node_modules/next/dist/client/components/react-dev-overlay/internal/helpers/hydration-error-info.js:62
[    4209ms] Error: Hydration failed because the initial UI does not match what was rendered on the server.
See more info here: https://nextjs.org/docs/messages/react-hydration-error
    at throwOnHydrationMismatch (webpack-internal:///./node_modules/react-dom/cjs/react-dom.development.js:12507:9)
    at tryToClaimNextHydratableInstance (webpack-internal:///./node_modules/react-dom/cjs/react-dom.development.js:12535:7)
    at updateHostComponent (webpack-internal:///./node_modules/react-dom/cjs/react-dom.development.js:19926:5)
    at beginWork (webpack-internal:///./node_modules/react-dom/cjs/react-dom.development.js:21652:14)
    at beginWork$1 (webpack-internal:///./node_modules/react-dom/cjs/react-dom.development.js:27460:14)
    at performUnitOfWork (webpack-internal:///./node_modules/react-dom/cjs/react-dom.development.js:26591:12)
    at workLoopSync (webpack-internal:///./node_modules/react-dom/cjs/react-dom.development.js:26500:5)
    at renderRootSync (webpack-internal:///./node_modules/react-dom/cjs/react-dom.development.js:26468:7)
    at performConcurrentWorkOnRoot (webpack-internal:///./node_modules/react-dom/cjs/react-dom.development.js:25772:74)
    at workLoop (webpack-internal:///./node_modules/scheduler/cjs/scheduler.development.js:266:34)
    at flushWork (webpack-internal:///./node_modules/scheduler/cjs/scheduler.development.js:239:14)
    at MessagePort.performWorkUntilDeadline (webpack-internal:///./node_modules/scheduler/cjs/scheduler.development.js:533:21)
[    4210ms] Error: There was an error while hydrating. Because the error happened outside of a Suspense boundary, the entire root will switch to client rendering.
    at updateHostRoot (webpack-internal:///./node_modules/react-dom/cjs/react-dom.development.js:19873:57)
    at beginWork (webpack-internal:///./node_modules/react-dom/cjs/react-dom.development.js:21649:14)
    at beginWork$1 (webpack-internal:///./node_modules/react-dom/cjs/react-dom.development.js:27460:14)
    at performUnitOfWork (webpack-internal:///./node_modules/react-dom/cjs/react-dom.development.js:26591:12)
    at workLoopSync (webpack-internal:///./node_modules/react-dom/cjs/react-dom.development.js:26500:5)
    at renderRootSync (webpack-internal:///./node_modules/react-dom/cjs/react-dom.development.js:26468:7)
    at recoverFromConcurrentError (webpack-internal:///./node_modules/react-dom/cjs/react-dom.development.js:25884:20)
    at performConcurrentWorkOnRoot (webpack-internal:///./node_modules/react-dom/cjs/react-dom.development.js:25784:22)
    at workLoop (webpack-internal:///./node_modules/scheduler/cjs/scheduler.development.js:266:34)
    at flushWork (webpack-internal:///./node_modules/scheduler/cjs/scheduler.development.js:239:14)
    at MessagePort.performWorkUntilDeadline (webpack-internal:///./node_modules/scheduler/cjs/scheduler.development.js:533:21)
[    4287ms] [ERROR] Failed to load resource: the server responded with a status of 404 (Not Found) @ http://localhost:3000/_next/undefined:0
[    4311ms] ChunkLoadError: Loading chunk node_modules_giscus_react_dist_giscus-Ci9LqPcC_js failed.
(error: http://localhost:3000/_next/undefined)
    at __webpack_require__.f.j (http://localhost:3000/_next/static/webpack/webpack.6297d71da038b3f9.hot-update.js:67:28)
    at http://localhost:3000/_next/static/webpack/webpack.6297d71da038b3f9.hot-update.js:19:39
    at Array.reduce (<anonymous>)
    at __webpack_require__.e (http://localhost:3000/_next/static/webpack/webpack.6297d71da038b3f9.hot-update.js:18:66)
    at fn.e (http://localhost:3000/_next/static/chunks/webpack.js:339:50)
    at eval (webpack-internal:///./node_modules/@giscus/react/dist/index.js:12:30)
    at commitHookEffectListMount (webpack-internal:///./node_modules/react-dom/cjs/react-dom.development.js:23184:26)
    at commitPassiveMountOnFiber (webpack-internal:///./node_modules/react-dom/cjs/react-dom.development.js:24960:13)
    at commitPassiveMountEffects_complete (webpack-internal:///./node_modules/react-dom/cjs/react-dom.development.js:24925:9)
    at commitPassiveMountEffects_begin (webpack-internal:///./node_modules/react-dom/cjs/react-dom.development.js:24912:7)
    at commitPassiveMountEffects (webpack-internal:///./node_modules/react-dom/cjs/react-dom.development.js:24900:3)
    at flushPassiveEffectsImpl (webpack-internal:///./node_modules/react-dom/cjs/react-dom.development.js:27073:3)
    at flushPassiveEffects (webpack-internal:///./node_modules/react-dom/cjs/react-dom.development.js:27018:14)
    at eval (webpack-internal:///./node_modules/react-dom/cjs/react-dom.development.js:26803:9)
    at workLoop (webpack-internal:///./node_modules/scheduler/cjs/scheduler.development.js:266:34)
    at flushWork (webpack-internal:///./node_modules/scheduler/cjs/scheduler.development.js:239:14)
    at MessagePort.performWorkUntilDeadline (webpack-internal:///./node_modules/scheduler/cjs/scheduler.development.js:533:21)
[    4595ms] [ERROR] Failed to load resource: the server responded with a status of 404 (Not Found) @ http://localhost:3000/_next/static/webpack/a0dc99ee34282db8.webpack.hot-update.json:0
[    4641ms] [INFO] %cDownload the React DevTools for a better development experience: https://reactjs.org/link/react-devtools font-weight:bold @ webpack-internal:///./node_modules/react-dom/cjs/react-dom.development.js:29889
[    4689ms] [LOG] [HMR] connected @ webpack-internal:///./node_modules/next/dist/client/components/react-dev-overlay/pages/websocket.js:38
[    4708ms] [ERROR] Warning: Expected server HTML to contain a matching <%s> in <%s>.%s div div 
    at div
    at ThemeProvider (webpack-internal:///./components/features/ThemeContext.tsx:30:11)
    at App (webpack-internal:///./pages/_app.tsx:42:11)
    at PathnameContextProviderAdapter (webpack-internal:///./node_modules/next/dist/shared/lib/router/adapters.js:81:11)
    at ErrorBoundary (webpack-internal:///./node_modules/next/dist/client/components/react-dev-overlay/pages/ErrorBoundary.js:41:9)
    at ReactDevOverlay (webpack-internal:///./node_modules/next/dist/client/components/react-dev-overlay/pages/ReactDevOverlay.js:33:11)
    at Container (webpack-internal:///./node_modules/next/dist/client/index.js:81:1)
    at AppContainer (webpack-internal:///./node_modules/next/dist/client/index.js:189:11)
    at Root (webpack-internal:///./node_modules/next/dist/client/index.js:413:11) @ webpack-internal:///./node_modules/next/dist/client/components/react-dev-overlay/internal/helpers/hydration-error-info.js:62
[    4710ms] Error: Hydration failed because the initial UI does not match what was rendered on the server.
See more info here: https://nextjs.org/docs/messages/react-hydration-error
    at throwOnHydrationMismatch (webpack-internal:///./node_modules/react-dom/cjs/react-dom.development.js:12507:9)
    at tryToClaimNextHydratableInstance (webpack-internal:///./node_modules/react-dom/cjs/react-dom.development.js:12535:7)
    at updateHostComponent (webpack-internal:///./node_modules/react-dom/cjs/react-dom.development.js:19926:5)
    at beginWork (webpack-internal:///./node_modules/react-dom/cjs/react-dom.development.js:21652:14)
    at HTMLUnknownElement.callCallback (webpack-internal:///./node_modules/react-dom/cjs/react-dom.development.js:4164:14)
    at Object.invokeGuardedCallbackDev (webpack-internal:///./node_modules/react-dom/cjs/react-dom.development.js:4213:16)
    at invokeGuardedCallback (webpack-internal:///./node_modules/react-dom/cjs/react-dom.development.js:4277:31)
    at beginWork$1 (webpack-internal:///./node_modules/react-dom/cjs/react-dom.development.js:27485:7)
    at performUnitOfWork (webpack-internal:///./node_modules/react-dom/cjs/react-dom.development.js:26591:12)
    at workLoopSync (webpack-internal:///./node_modules/react-dom/cjs/react-dom.development.js:26500:5)
    at renderRootSync (webpack-internal:///./node_modules/react-dom/cjs/react-dom.development.js:26468:7)
    at performConcurrentWorkOnRoot (webpack-internal:///./node_modules/react-dom/cjs/react-dom.development.js:25772:74)
    at workLoop (webpack-internal:///./node_modules/scheduler/cjs/scheduler.development.js:266:34)
    at flushWork (webpack-internal:///./node_modules/scheduler/cjs/scheduler.development.js:239:14)
    at MessagePort.performWorkUntilDeadline (webpack-internal:///./node_modules/scheduler/cjs/scheduler.development.js:533:21)
[    4709ms] [ERROR] Warning: An error occurred during hydration. The server HTML was replaced with client content in <%s>. div 
See more info here: https://nextjs.org/docs/messages/react-hydration-error @ webpack-internal:///./node_modules/next/dist/client/components/react-dev-overlay/internal/helpers/hydration-error-info.js:62
[    4720ms] Error: Hydration failed because the initial UI does not match what was rendered on the server.
See more info here: https://nextjs.org/docs/messages/react-hydration-error
    at throwOnHydrationMismatch (webpack-internal:///./node_modules/react-dom/cjs/react-dom.development.js:12507:9)
    at tryToClaimNextHydratableInstance (webpack-internal:///./node_modules/react-dom/cjs/react-dom.development.js:12535:7)
    at updateHostComponent (webpack-internal:///./node_modules/react-dom/cjs/react-dom.development.js:19926:5)
    at beginWork (webpack-internal:///./node_modules/react-dom/cjs/react-dom.development.js:21652:14)
    at beginWork$1 (webpack-internal:///./node_modules/react-dom/cjs/react-dom.development.js:27460:14)
    at performUnitOfWork (webpack-internal:///./node_modules/react-dom/cjs/react-dom.development.js:26591:12)
    at workLoopSync (webpack-internal:///./node_modules/react-dom/cjs/react-dom.development.js:26500:5)
    at renderRootSync (webpack-internal:///./node_modules/react-dom/cjs/react-dom.development.js:26468:7)
    at performConcurrentWorkOnRoot (webpack-internal:///./node_modules/react-dom/cjs/react-dom.development.js:25772:74)
    at workLoop (webpack-internal:///./node_modules/scheduler/cjs/scheduler.development.js:266:34)
    at flushWork (webpack-internal:///./node_modules/scheduler/cjs/scheduler.development.js:239:14)
    at MessagePort.performWorkUntilDeadline (webpack-internal:///./node_modules/scheduler/cjs/scheduler.development.js:533:21)
[    4720ms] Error: There was an error while hydrating. Because the error happened outside of a Suspense boundary, the entire root will switch to client rendering.
    at updateHostRoot (webpack-internal:///./node_modules/react-dom/cjs/react-dom.development.js:19873:57)
    at beginWork (webpack-internal:///./node_modules/react-dom/cjs/react-dom.development.js:21649:14)
    at beginWork$1 (webpack-internal:///./node_modules/react-dom/cjs/react-dom.development.js:27460:14)
    at performUnitOfWork (webpack-internal:///./node_modules/react-dom/cjs/react-dom.development.js:26591:12)
    at workLoopSync (webpack-internal:///./node_modules/react-dom/cjs/react-dom.development.js:26500:5)
    at renderRootSync (webpack-internal:///./node_modules/react-dom/cjs/react-dom.development.js:26468:7)
    at recoverFromConcurrentError (webpack-internal:///./node_modules/react-dom/cjs/react-dom.development.js:25884:20)
    at performConcurrentWorkOnRoot (webpack-internal:///./node_modules/react-dom/cjs/react-dom.development.js:25784:22)
    at workLoop (webpack-internal:///./node_modules/scheduler/cjs/scheduler.development.js:266:34)
    at flushWork (webpack-internal:///./node_modules/scheduler/cjs/scheduler.development.js:239:14)
    at MessagePort.performWorkUntilDeadline (webpack-internal:///./node_modules/scheduler/cjs/scheduler.development.js:533:21)
[    4809ms] [ERROR] Failed to load resource: the server responded with a status of 404 (Not Found) @ http://localhost:3000/_next/undefined:0
[    4818ms] ChunkLoadError: Loading chunk node_modules_giscus_react_dist_giscus-Ci9LqPcC_js failed.
(error: http://localhost:3000/_next/undefined)
    at __webpack_require__.f.j (http://localhost:3000/_next/static/webpack/webpack.6297d71da038b3f9.hot-update.js:67:28)
    at http://localhost:3000/_next/static/webpack/webpack.6297d71da038b3f9.hot-update.js:19:39
    at Array.reduce (<anonymous>)
    at __webpack_require__.e (http://localhost:3000/_next/static/webpack/webpack.6297d71da038b3f9.hot-update.js:18:66)
    at fn.e (http://localhost:3000/_next/static/chunks/webpack.js:339:50)
    at eval (webpack-internal:///./node_modules/@giscus/react/dist/index.js:12:30)
    at commitHookEffectListMount (webpack-internal:///./node_modules/react-dom/cjs/react-dom.development.js:23184:26)
    at commitPassiveMountOnFiber (webpack-internal:///./node_modules/react-dom/cjs/react-dom.development.js:24960:13)
    at commitPassiveMountEffects_complete (webpack-internal:///./node_modules/react-dom/cjs/react-dom.development.js:24925:9)
    at commitPassiveMountEffects_begin (webpack-internal:///./node_modules/react-dom/cjs/react-dom.development.js:24912:7)
    at commitPassiveMountEffects (webpack-internal:///./node_modules/react-dom/cjs/react-dom.development.js:24900:3)
    at flushPassiveEffectsImpl (webpack-internal:///./node_modules/react-dom/cjs/react-dom.development.js:27073:3)
    at flushPassiveEffects (webpack-internal:///./node_modules/react-dom/cjs/react-dom.development.js:27018:14)
    at eval (webpack-internal:///./node_modules/react-dom/cjs/react-dom.development.js:26803:9)
    at workLoop (webpack-internal:///./node_modules/scheduler/cjs/scheduler.development.js:266:34)
    at flushWork (webpack-internal:///./node_modules/scheduler/cjs/scheduler.development.js:239:14)
    at MessagePort.performWorkUntilDeadline (webpack-internal:///./node_modules/scheduler/cjs/scheduler.development.js:533:21)
[    5145ms] [ERROR] Failed to load resource: the server responded with a status of 404 (Not Found) @ http://localhost:3000/_next/static/webpack/a0dc99ee34282db8.webpack.hot-update.json:0
[    5192ms] [INFO] %cDownload the React DevTools for a better development experience: https://reactjs.org/link/react-devtools font-weight:bold @ webpack-internal:///./node_modules/react-dom/cjs/react-dom.development.js:29889
[    5245ms] [LOG] [HMR] connected @ webpack-internal:///./node_modules/next/dist/client/components/react-dev-overlay/pages/websocket.js:38
[    5262ms] [ERROR] Warning: Expected server HTML to contain a matching <%s> in <%s>.%s div div 
    at div
    at ThemeProvider (webpack-internal:///./components/features/ThemeContext.tsx:30:11)
    at App (webpack-internal:///./pages/_app.tsx:42:11)
    at PathnameContextProviderAdapter (webpack-internal:///./node_modules/next/dist/shared/lib/router/adapters.js:81:11)
    at ErrorBoundary (webpack-internal:///./node_modules/next/dist/client/components/react-dev-overlay/pages/ErrorBoundary.js:41:9)
    at ReactDevOverlay (webpack-internal:///./node_modules/next/dist/client/components/react-dev-overlay/pages/ReactDevOverlay.js:33:11)
    at Container (webpack-internal:///./node_modules/next/dist/client/index.js:81:1)
    at AppContainer (webpack-internal:///./node_modules/next/dist/client/index.js:189:11)
    at Root (webpack-internal:///./node_modules/next/dist/client/index.js:413:11) @ webpack-internal:///./node_modules/next/dist/client/components/react-dev-overlay/internal/helpers/hydration-error-info.js:62
[    5265ms] Error: Hydration failed because the initial UI does not match what was rendered on the server.
See more info here: https://nextjs.org/docs/messages/react-hydration-error
    at throwOnHydrationMismatch (webpack-internal:///./node_modules/react-dom/cjs/react-dom.development.js:12507:9)
    at tryToClaimNextHydratableInstance (webpack-internal:///./node_modules/react-dom/cjs/react-dom.development.js:12535:7)
    at updateHostComponent (webpack-internal:///./node_modules/react-dom/cjs/react-dom.development.js:19926:5)
    at beginWork (webpack-internal:///./node_modules/react-dom/cjs/react-dom.development.js:21652:14)
    at HTMLUnknownElement.callCallback (webpack-internal:///./node_modules/react-dom/cjs/react-dom.development.js:4164:14)
    at Object.invokeGuardedCallbackDev (webpack-internal:///./node_modules/react-dom/cjs/react-dom.development.js:4213:16)
    at invokeGuardedCallback (webpack-internal:///./node_modules/react-dom/cjs/react-dom.development.js:4277:31)
    at beginWork$1 (webpack-internal:///./node_modules/react-dom/cjs/react-dom.development.js:27485:7)
    at performUnitOfWork (webpack-internal:///./node_modules/react-dom/cjs/react-dom.development.js:26591:12)
    at workLoopSync (webpack-internal:///./node_modules/react-dom/cjs/react-dom.development.js:26500:5)
    at renderRootSync (webpack-internal:///./node_modules/react-dom/cjs/react-dom.development.js:26468:7)
    at performConcurrentWorkOnRoot (webpack-internal:///./node_modules/react-dom/cjs/react-dom.development.js:25772:74)
    at workLoop (webpack-internal:///./node_modules/scheduler/cjs/scheduler.development.js:266:34)
    at flushWork (webpack-internal:///./node_modules/scheduler/cjs/scheduler.development.js:239:14)
    at MessagePort.performWorkUntilDeadline (webpack-internal:///./node_modules/scheduler/cjs/scheduler.development.js:533:21)
[    5263ms] [ERROR] Warning: An error occurred during hydration. The server HTML was replaced with client content in <%s>. div 
See more info here: https://nextjs.org/docs/messages/react-hydration-error @ webpack-internal:///./node_modules/next/dist/client/components/react-dev-overlay/internal/helpers/hydration-error-info.js:62
[    5276ms] Error: Hydration failed because the initial UI does not match what was rendered on the server.
See more info here: https://nextjs.org/docs/messages/react-hydration-error
    at throwOnHydrationMismatch (webpack-internal:///./node_modules/react-dom/cjs/react-dom.development.js:12507:9)
    at tryToClaimNextHydratableInstance (webpack-internal:///./node_modules/react-dom/cjs/react-dom.development.js:12535:7)
    at updateHostComponent (webpack-internal:///./node_modules/react-dom/cjs/react-dom.development.js:19926:5)
    at beginWork (webpack-internal:///./node_modules/react-dom/cjs/react-dom.development.js:21652:14)
    at beginWork$1 (webpack-internal:///./node_modules/react-dom/cjs/react-dom.development.js:27460:14)
    at performUnitOfWork (webpack-internal:///./node_modules/react-dom/cjs/react-dom.development.js:26591:12)
    at workLoopSync (webpack-internal:///./node_modules/react-dom/cjs/react-dom.development.js:26500:5)
    at renderRootSync (webpack-internal:///./node_modules/react-dom/cjs/react-dom.development.js:26468:7)
    at performConcurrentWorkOnRoot (webpack-internal:///./node_modules/react-dom/cjs/react-dom.development.js:25772:74)
    at workLoop (webpack-internal:///./node_modules/scheduler/cjs/scheduler.development.js:266:34)
    at flushWork (webpack-internal:///./node_modules/scheduler/cjs/scheduler.development.js:239:14)
    at MessagePort.performWorkUntilDeadline (webpack-internal:///./node_modules/scheduler/cjs/scheduler.development.js:533:21)
[    5277ms] Error: There was an error while hydrating. Because the error happened outside of a Suspense boundary, the entire root will switch to client rendering.
    at updateHostRoot (webpack-internal:///./node_modules/react-dom/cjs/react-dom.development.js:19873:57)
    at beginWork (webpack-internal:///./node_modules/react-dom/cjs/react-dom.development.js:21649:14)
    at beginWork$1 (webpack-internal:///./node_modules/react-dom/cjs/react-dom.development.js:27460:14)
    at performUnitOfWork (webpack-internal:///./node_modules/react-dom/cjs/react-dom.development.js:26591:12)
    at workLoopSync (webpack-internal:///./node_modules/react-dom/cjs/react-dom.development.js:26500:5)
    at renderRootSync (webpack-internal:///./node_modules/react-dom/cjs/react-dom.development.js:26468:7)
    at recoverFromConcurrentError (webpack-internal:///./node_modules/react-dom/cjs/react-dom.development.js:25884:20)
    at performConcurrentWorkOnRoot (webpack-internal:///./node_modules/react-dom/cjs/react-dom.development.js:25784:22)
    at workLoop (webpack-internal:///./node_modules/scheduler/cjs/scheduler.development.js:266:34)
    at flushWork (webpack-internal:///./node_modules/scheduler/cjs/scheduler.development.js:239:14)
    at MessagePort.performWorkUntilDeadline (webpack-internal:///./node_modules/scheduler/cjs/scheduler.development.js:533:21)
[    5362ms] [ERROR] Failed to load resource: the server responded with a status of 404 (Not Found) @ http://localhost:3000/_next/undefined:0
[    5394ms] ChunkLoadError: Loading chunk node_modules_giscus_react_dist_giscus-Ci9LqPcC_js failed.
(error: http://localhost:3000/_next/undefined)
    at __webpack_require__.f.j (http://localhost:3000/_next/static/webpack/webpack.6297d71da038b3f9.hot-update.js:67:28)
    at http://localhost:3000/_next/static/webpack/webpack.6297d71da038b3f9.hot-update.js:19:39
    at Array.reduce (<anonymous>)
    at __webpack_require__.e (http://localhost:3000/_next/static/webpack/webpack.6297d71da038b3f9.hot-update.js:18:66)
    at fn.e (http://localhost:3000/_next/static/chunks/webpack.js:339:50)
    at eval (webpack-internal:///./node_modules/@giscus/react/dist/index.js:12:30)
    at commitHookEffectListMount (webpack-internal:///./node_modules/react-dom/cjs/react-dom.development.js:23184:26)
    at commitPassiveMountOnFiber (webpack-internal:///./node_modules/react-dom/cjs/react-dom.development.js:24960:13)
    at commitPassiveMountEffects_complete (webpack-internal:///./node_modules/react-dom/cjs/react-dom.development.js:24925:9)
    at commitPassiveMountEffects_begin (webpack-internal:///./node_modules/react-dom/cjs/react-dom.development.js:24912:7)
    at commitPassiveMountEffects (webpack-internal:///./node_modules/react-dom/cjs/react-dom.development.js:24900:3)
    at flushPassiveEffectsImpl (webpack-internal:///./node_modules/react-dom/cjs/react-dom.development.js:27073:3)
    at flushPassiveEffects (webpack-internal:///./node_modules/react-dom/cjs/react-dom.development.js:27018:14)
    at eval (webpack-internal:///./node_modules/react-dom/cjs/react-dom.development.js:26803:9)
    at workLoop (webpack-internal:///./node_modules/scheduler/cjs/scheduler.development.js:266:34)
    at flushWork (webpack-internal:///./node_modules/scheduler/cjs/scheduler.development.js:239:14)
    at MessagePort.performWorkUntilDeadline (webpack-internal:///./node_modules/scheduler/cjs/scheduler.development.js:533:21)
